<?xml version="1.0" encoding="UTF-8" standalone="no"?><testsuite errors="0" failures="1" name="The Pet Clinic should allow to manage the pets information" skipped="0" tests="8" time="194.88" timestamp="2024-09-16 11:58:38"><testcase name="the one where Ricardo wants to update the information of a pet using the Web application"/><testcase name=": the one where Ricardo wants to register a new pet with invalid data using the clinic API"/><testcase name="the one where Kelly see the different types of pets available in the system"/><testcase name="the one where Ricardo wants to register a new pet using the Web application"/><testcase name="the one where Ricardo wants to register a new pet using the clinic API"/><testcase name="the one where Ricardo wants to register multiple pets using the Web application"><failure message="&#10;Expected: iterable with items [&lt;[PetsAndVisitsInformation[petInformation=PetInformation[name=coco, birthDate=2000-06-01, type=lizard], visitInformationList=[]], PetsAndVisitsInformation[petInformation=PetInformation[name=Nagini, birthDate=2019-01-05, type=snake], visitInformationList=[]], PetsAndVisitsInformation[petInformation=PetInformation[name=Nala, birthDate=2016-02-15, type=cat], visitInformationList=[]]]&gt;] in any order&#10;     but: not matched: &lt;PetsAndVisitsInformation[petInformation=PetInformation[name=coco, birthDate=2000-06-01, type=lizard], visitInformationList=[]]&gt;" type="java.lang.AssertionError">
Expected: iterable with items [&lt;[PetsAndVisitsInformation[petInformation=PetInformation[name=coco, birthDate=2000-06-01, type=lizard], visitInformationList=[]], PetsAndVisitsInformation[petInformation=PetInformation[name=Nagini, birthDate=2019-01-05, type=snake], visitInformationList=[]], PetsAndVisitsInformation[petInformation=PetInformation[name=Nala, birthDate=2016-02-15, type=cat], visitInformationList=[]]]&gt;] in any order
     but: not matched: &lt;PetsAndVisitsInformation[petInformation=PetInformation[name=coco, birthDate=2000-06-01, type=lizard], visitInformationList=[]]&gt;</failure><system-err>
Expected: iterable with items [&lt;[PetsAndVisitsInformation[petInformation=PetInformation[name=coco, birthDate=2000-06-01, type=lizard], visitInformationList=[]], PetsAndVisitsInformation[petInformation=PetInformation[name=Nagini, birthDate=2019-01-05, type=snake], visitInformationList=[]], PetsAndVisitsInformation[petInformation=PetInformation[name=Nala, birthDate=2016-02-15, type=cat], visitInformationList=[]]]&gt;] in any order
     but: not matched: &lt;PetsAndVisitsInformation[petInformation=PetInformation[name=coco, birthDate=2000-06-01, type=lizard], visitInformationList=[]]&gt;
com.ricardorlg.vetclinic.stepdefinitions.PetsManagementSteps.thePetsShouldBeDisplayedInTheOwnerInformationPage(PetsManagementSteps.java:128)
</system-err></testcase></testsuite>