<?xml version="1.0" encoding="UTF-8" standalone="no"?><testsuite errors="0" failures="0" name="The Pet Clinic should allow to manage the pets information" skipped="0" tests="8" time="52.49" timestamp="2024-09-17 08:37:00"><testcase name="the one where Ricardo wants to update the information of a pet using the Web application"/><testcase name=": the one where Ricardo wants to register a new pet with invalid data using the clinic API"/><testcase name="the one where Ricardo wants to register a new pet using the clinic API"/><testcase name="the one where Ricardo wants to register multiple pets using the Web application"/><testcase name="the one where Kelly see the different types of pets available in the system"/><testcase name="the one where Ricardo wants to register a new pet using the Web application"/></testsuite>