<?xml version="1.0" encoding="UTF-8" standalone="no"?><testsuite errors="0" failures="0" name="The Pet Clinic should allow to manage the visits information" skipped="0" tests="3" time="173.34" timestamp="2024-09-17 07:02:34"><testcase name="previous visit should be displayed in the Register Visit page"/><testcase name="the one where Kelly wants to register a new visit using the Web application"/><testcase name="the one where Kelly wants to register a new visit on a pet with already registered visits using the Web application"/></testsuite>