<?xml version="1.0" encoding="UTF-8" standalone="no"?><testsuite errors="0" failures="1" name="The Pet Clinic should allow to manage the owners information" skipped="0" tests="6" time="58.92" timestamp="2024-10-04 06:02:03"><testcase name="the one where Ricardo wants to delete an owner using the clinic API"><failure/></testcase><testcase name="the one where Ricardo wants to update the personal information of an owner using the Web application"/><testcase name="the one where Ricardo wants to see the personal information of an owner using the clinic API"/><testcase name="the one where Ricardo wants to see the personal information of an owner with pets and visits using the Web application"/><testcase name="the one where Ricardo wants to see the list of all owners using the clinic API"/><testcase name="the one where Ricardo wants to see the personal information of an owner using the Web application"/></testsuite>