<?xml version="1.0" encoding="UTF-8" standalone="no"?><testsuite errors="7" failures="0" name="The Pet Clinic should allow to filter the owners in the system" skipped="0" tests="7" time="728.76" timestamp="2024-09-17 05:10:28"><testcase name="the one where Ricardo filters the owners by unknown city"><error message="Could not instantiate class org.openqa.selenium.chrome.ChromeDriver" type="net.thucydides.core.webdriver.DriverConfigurationError">Could not instantiate class org.openqa.selenium.chrome.ChromeDriver</error><system-err>Could not instantiate class org.openqa.selenium.chrome.ChromeDriver
com.ricardorlg.vetclinc.tasks.Navigates.lambda$toTheWelcomePage$0(Navigates.java:25)
com.ricardorlg.vetclinic.stepdefinitions.ManageOwnersSteps.wantsToFilterTheDataOfTheOwnersDisplayedInTheOwnersPage(ManageOwnersSteps.java:46)
</system-err></testcase><testcase name="the one where Ricardo filters the owners by city"><error message="Could not instantiate class org.openqa.selenium.chrome.ChromeDriver" type="net.thucydides.core.webdriver.DriverConfigurationError">Could not instantiate class org.openqa.selenium.chrome.ChromeDriver</error><system-err>Could not instantiate class org.openqa.selenium.chrome.ChromeDriver
com.ricardorlg.vetclinc.tasks.Navigates.lambda$toTheWelcomePage$0(Navigates.java:25)
com.ricardorlg.vetclinic.stepdefinitions.ManageOwnersSteps.wantsToFilterTheDataOfTheOwnersDisplayedInTheOwnersPage(ManageOwnersSteps.java:46)
</system-err></testcase><testcase name="the one where Ricardo filters the owners by phone"><error message="Could not instantiate class org.openqa.selenium.chrome.ChromeDriver" type="net.thucydides.core.webdriver.DriverConfigurationError">Could not instantiate class org.openqa.selenium.chrome.ChromeDriver</error><system-err>Could not instantiate class org.openqa.selenium.chrome.ChromeDriver
com.ricardorlg.vetclinc.tasks.Navigates.lambda$toTheWelcomePage$0(Navigates.java:25)
com.ricardorlg.vetclinic.stepdefinitions.ManageOwnersSteps.wantsToFilterTheDataOfTheOwnersDisplayedInTheOwnersPage(ManageOwnersSteps.java:46)
</system-err></testcase><testcase name="the one where Ricardo filters the owners by first name"><error message="Could not instantiate class org.openqa.selenium.chrome.ChromeDriver" type="net.thucydides.core.webdriver.DriverConfigurationError">Could not instantiate class org.openqa.selenium.chrome.ChromeDriver</error><system-err>Could not instantiate class org.openqa.selenium.chrome.ChromeDriver
com.ricardorlg.vetclinc.tasks.Navigates.lambda$toTheWelcomePage$0(Navigates.java:25)
com.ricardorlg.vetclinic.stepdefinitions.ManageOwnersSteps.wantsToFilterTheDataOfTheOwnersDisplayedInTheOwnersPage(ManageOwnersSteps.java:46)
</system-err></testcase><testcase name="the one where Ricardo filters the owners by last name"><error message="Could not instantiate class org.openqa.selenium.chrome.ChromeDriver" type="net.thucydides.core.webdriver.DriverConfigurationError">Could not instantiate class org.openqa.selenium.chrome.ChromeDriver</error><system-err>Could not instantiate class org.openqa.selenium.chrome.ChromeDriver
com.ricardorlg.vetclinc.tasks.Navigates.lambda$toTheWelcomePage$0(Navigates.java:25)
com.ricardorlg.vetclinic.stepdefinitions.ManageOwnersSteps.wantsToFilterTheDataOfTheOwnersDisplayedInTheOwnersPage(ManageOwnersSteps.java:46)
</system-err></testcase><testcase name="the one where Ricardo filters the owners by address"><error message="Could not instantiate class org.openqa.selenium.chrome.ChromeDriver" type="net.thucydides.core.webdriver.DriverConfigurationError">Could not instantiate class org.openqa.selenium.chrome.ChromeDriver</error><system-err>Could not instantiate class org.openqa.selenium.chrome.ChromeDriver
com.ricardorlg.vetclinc.tasks.Navigates.lambda$toTheWelcomePage$0(Navigates.java:25)
com.ricardorlg.vetclinic.stepdefinitions.ManageOwnersSteps.wantsToFilterTheDataOfTheOwnersDisplayedInTheOwnersPage(ManageOwnersSteps.java:46)
</system-err></testcase><testcase name="the one where Ricardo filters the owners by first and last name"><error message="Could not instantiate class org.openqa.selenium.chrome.ChromeDriver" type="net.thucydides.core.webdriver.DriverConfigurationError">Could not instantiate class org.openqa.selenium.chrome.ChromeDriver</error><system-err>Could not instantiate class org.openqa.selenium.chrome.ChromeDriver
com.ricardorlg.vetclinc.tasks.Navigates.lambda$toTheWelcomePage$0(Navigates.java:25)
com.ricardorlg.vetclinic.stepdefinitions.ManageOwnersSteps.wantsToFilterTheDataOfTheOwnersDisplayedInTheOwnersPage(ManageOwnersSteps.java:46)
</system-err></testcase></testsuite>