<?xml version="1.0" encoding="UTF-8" standalone="no"?><testsuite errors="3" failures="0" name="The Pet Clinic should allow to manage the owners information" skipped="0" tests="5" time="330.56" timestamp="2024-09-17 05:10:28"><testcase name="the one where Ricardo wants to update the personal information of an owner using the Web application"><error message="Could not instantiate class org.openqa.selenium.chrome.ChromeDriver" type="net.thucydides.core.webdriver.DriverConfigurationError">Could not instantiate class org.openqa.selenium.chrome.ChromeDriver</error><system-err>Could not instantiate class org.openqa.selenium.chrome.ChromeDriver
com.ricardorlg.vetclinc.tasks.Navigates.lambda$toTheWelcomePage$0(Navigates.java:25)
com.ricardorlg.vetclinc.tasks.SearchOwnerInOwnersTable.performAs(SearchOwnerInOwnersTable.java:29)
com.ricardorlg.vetclinc.tasks.UpdateOwnerPersonalInformation.performAs(UpdateOwnerPersonalInformation.java:43)
com.ricardorlg.vetclinic.stepdefinitions.ManageOwnersSteps.updatesThePersonalInformationOfUsingTheWebApplicationTo(ManageOwnersSteps.java:95)
</system-err></testcase><testcase name="the one where Ricardo wants to see the list of all owners using the clinic API"/><testcase name="the one where Ricardo wants to see the personal information of an owner using the clinic API"/><testcase name="the one where Ricardo wants to see the personal information of an owner with pets and visits using the Web application"><error message="Could not instantiate class org.openqa.selenium.chrome.ChromeDriver" type="net.thucydides.core.webdriver.DriverConfigurationError">Could not instantiate class org.openqa.selenium.chrome.ChromeDriver</error><system-err>Could not instantiate class org.openqa.selenium.chrome.ChromeDriver
com.ricardorlg.vetclinc.tasks.Navigates.lambda$toTheWelcomePage$0(Navigates.java:25)
com.ricardorlg.vetclinc.tasks.SearchOwnerInOwnersTable.performAs(SearchOwnerInOwnersTable.java:29)
com.ricardorlg.vetclinic.stepdefinitions.ManageOwnersSteps.wantsToSeeThePersonalInformationOfUsingTheWebApplication(ManageOwnersSteps.java:57)
</system-err></testcase><testcase name="the one where Ricardo wants to see the personal information of an owner using the Web application"><error message="Could not instantiate class org.openqa.selenium.chrome.ChromeDriver" type="net.thucydides.core.webdriver.DriverConfigurationError">Could not instantiate class org.openqa.selenium.chrome.ChromeDriver</error><system-err>Could not instantiate class org.openqa.selenium.chrome.ChromeDriver
com.ricardorlg.vetclinc.tasks.Navigates.lambda$toTheWelcomePage$0(Navigates.java:25)
com.ricardorlg.vetclinc.tasks.SearchOwnerInOwnersTable.performAs(SearchOwnerInOwnersTable.java:29)
com.ricardorlg.vetclinic.stepdefinitions.ManageOwnersSteps.wantsToSeeThePersonalInformationOfUsingTheWebApplication(ManageOwnersSteps.java:57)
</system-err></testcase></testsuite>