<?xml version="1.0" encoding="UTF-8" standalone="no"?><testsuite errors="0" failures="2" name="The Pet Clinic should allow to register a pet owner in the system" skipped="0" tests="12" time="39.84" timestamp="2024-10-04 06:02:03"><testcase name="the one where Ricardo tries to register an already existing owner using the clinic API"><failure/></testcase><testcase name="the one where Ricardo tries to register an already existing owner using the Web form"><failure/></testcase><testcase name="the one where Kelly tries to register a new owner using the clinic API with invalid data"/><testcase name="the one where Ricardo registers a new owner using the clinic API with all mandatory data"/><testcase name="the one where Kelly tries to register a new owner using the Web form with invalid data"/><testcase name="the one where Ricardo registers a new owner using the Web form with all mandatory data"/></testsuite>