<?xml version="1.0" encoding="UTF-8" standalone="no"?><testsuite errors="0" failures="0" name="The Pet Clinic should allow to manage the owners information" skipped="0" tests="5" time="180.24" timestamp="2024-09-17 05:18:01"><testcase name="the one where Ricardo wants to update the personal information of an owner using the Web application"/><testcase name="the one where Ricardo wants to see the list of all owners using the clinic API"/><testcase name="the one where Ricardo wants to see the personal information of an owner using the clinic API"/><testcase name="the one where Ricardo wants to see the personal information of an owner with pets and visits using the Web application"/><testcase name="the one where Ricardo wants to see the personal information of an owner using the Web application"/></testsuite>