<?xml version="1.0" encoding="UTF-8" standalone="no"?><testsuite errors="0" failures="0" name="The Pet Clinic should allow to register a pet owner in the system" skipped="0" tests="10" time="130.77" timestamp="2024-09-17 07:02:34"><testcase name="the one where Kelly tries to register a new owner using the clinic API with invalid data"/><testcase name="the one where Ricardo registers a new owner using the clinic API with all mandatory data"/><testcase name="the one where Kelly tries to register a new owner using the Web form with invalid data"/><testcase name="the one where Ricardo registers a new owner using the Web form with all mandatory data"/></testsuite>