<?xml version="1.0" encoding="UTF-8" standalone="no"?><testsuite errors="1" failures="0" name="The Pet Clinic should allow to view the data of the veterinarians in the system" skipped="0" tests="2" time="75.36" timestamp="2024-09-17 05:46:36"><testcase name="the one where Ricardo wants to view the data of all veterinarians using the API"/><testcase name="the one where Kelly wants to view the data of all veterinarians using the Web application"><error message="Could not instantiate class org.openqa.selenium.chrome.ChromeDriver" type="net.thucydides.core.webdriver.DriverConfigurationError">Could not instantiate class org.openqa.selenium.chrome.ChromeDriver</error><system-err>Could not instantiate class org.openqa.selenium.chrome.ChromeDriver
com.ricardorlg.vetclinc.tasks.Navigates.lambda$toTheWelcomePage$0(Navigates.java:25)
com.ricardorlg.vetclinic.stepdefinitions.ViewVeterinariansSteps.isUsingThePetClinicWebApplication(ViewVeterinariansSteps.java:32)
</system-err></testcase></testsuite>