<?xml version="1.0" encoding="UTF-8" standalone="no"?><testsuite errors="0" failures="2" name="The Pet Clinic should allow to register a pet owner in the system" skipped="0" tests="12" time="195.8" timestamp="2024-09-17 12:58:14"><testcase name="the one where Ricardo tries to register an already existing owner using the clinic API"><failure message="&#10;Expected: &lt;400&gt;&#10;     but: was &lt;201&gt;" type="java.lang.AssertionError">
Expected: &lt;400&gt;
     but: was &lt;201&gt;</failure><system-err>
Expected: &lt;400&gt;
     but: was &lt;201&gt;
com.ricardorlg.vetclinic.stepdefinitions.CommonStepDefinitions.theSystemShouldReturnAResponseCode(CommonStepDefinitions.java:48)
</system-err></testcase><testcase name="the one where Kelly tries to register a new owner using the clinic API with invalid data"/><testcase name="the one where Ricardo registers a new owner using the clinic API with all mandatory data"/><testcase name="the one where Kelly tries to register a new owner using the Web form with invalid data"/><testcase name="the one where Ricardo tries to register an already existing owner using the Web form"><failure message="There is no alert present" type="java.lang.AssertionError">There is no alert present</failure><system-err>There is no alert present
com.ricardorlg.vetclinc.questions.CommonWebQuestions.lambda$theDisplayedAlertErrorContent$1(CommonWebQuestions.java:27)
com.ricardorlg.vetclinic.stepdefinitions.CommonStepDefinitions.shouldSeeAnAlertContainingTheFollowingError(CommonStepDefinitions.java:37)
</system-err></testcase><testcase name="the one where Ricardo registers a new owner using the Web form with all mandatory data"/></testsuite>